<?xml version="1.0" encoding="UTF-8"?>
<!-- Generated by org.testng.reporters.JUnitXMLReporter -->
<testsuite hostname="DESKTOP-CU28HKJ" ignored="0" name="Default test" tests="10" failures="0" timestamp="2020-03-23T16:39:38 CST" time="0.321" errors="0">
  <testcase name="test" time="0.026" classname="com.autotest.testng.MultiThreadAnnotation"/>
  <testcase name="test" time="0.027" classname="com.autotest.testng.MultiThreadAnnotation"/>
  <testcase name="test" time="0.024" classname="com.autotest.testng.MultiThreadAnnotation"/>
  <testcase name="test" time="0.027" classname="com.autotest.testng.MultiThreadAnnotation"/>
  <testcase name="test" time="0.011" classname="com.autotest.testng.MultiThreadAnnotation"/>
  <testcase name="test" time="0.019" classname="com.autotest.testng.MultiThreadAnnotation"/>
  <testcase name="test" time="0.007" classname="com.autotest.testng.MultiThreadAnnotation"/>
  <testcase name="test" time="0.015" classname="com.autotest.testng.MultiThreadAnnotation"/>
  <testcase name="test" time="0.027" classname="com.autotest.testng.MultiThreadAnnotation"/>
  <testcase name="test" time="0.008" classname="com.autotest.testng.MultiThreadAnnotation"/>
</testsuite> <!-- Default test -->
