<?xml version="1.0" encoding="UTF-8"?>
<testng-results skipped="0" failed="0" total="2" passed="2">
  <reporter-output>
  </reporter-output>
  <suite name="Default suite" duration-ms="8706" started-at="2020-03-06T16:11:52Z" finished-at="2020-03-06T16:12:01Z">
    <groups>
    </groups>
    <test name="Default test" duration-ms="8706" started-at="2020-03-06T16:11:52Z" finished-at="2020-03-06T16:12:01Z">
      <class name="com.course.cookies.MyCookiesForGet">
        <test-method status="PASS" signature="before()[pri:0, instance:com.course.cookies.MyCookiesForGet@2133c8f8]" name="before" is-config="true" duration-ms="14" started-at="2020-03-07T00:11:52Z" finished-at="2020-03-07T00:11:52Z">
          <reporter-output>
          </reporter-output>
        </test-method> <!-- before -->
        <test-method status="PASS" signature="getCookies()[pri:0, instance:com.course.cookies.MyCookiesForGet@2133c8f8]" name="getCookies" duration-ms="8166" started-at="2020-03-07T00:11:52Z" finished-at="2020-03-07T00:12:00Z">
          <reporter-output>
          </reporter-output>
        </test-method> <!-- getCookies -->
        <test-method status="PASS" signature="getWithCookies()[pri:0, instance:com.course.cookies.MyCookiesForGet@2133c8f8]" name="getWithCookies" duration-ms="499" started-at="2020-03-07T00:12:00Z" finished-at="2020-03-07T00:12:01Z">
          <reporter-output>
          </reporter-output>
        </test-method> <!-- getWithCookies -->
        <test-method status="PASS" signature="before()[pri:0, instance:com.course.cookies.MyCookiesForGet@2133c8f8]" name="before" is-config="true" duration-ms="0" started-at="2020-03-07T00:12:00Z" finished-at="2020-03-07T00:12:00Z">
          <reporter-output>
          </reporter-output>
        </test-method> <!-- before -->
      </class> <!-- com.course.cookies.MyCookiesForGet -->
    </test> <!-- Default test -->
  </suite> <!-- Default suite -->
</testng-results>
