<?xml version="1.0" encoding="UTF-8"?>
<!-- Generated by org.testng.reporters.JUnitXMLReporter -->
<testsuite hostname="DESKTOP-CU28HKJ" ignored="5" name="Login" tests="6" failures="0" timestamp="2020-03-23T17:19:23 CST" time="0.16" errors="0">
  <testcase name="pay" time="0.009" classname="com.autotest.testng.suite.PayTest"/>
  <testcase name="test1" time="0.018" classname="com.autotest.testng.MethodOnGroup"/>
  <testcase name="test2" time="0.008" classname="com.autotest.testng.MethodOnGroup"/>
  <testcase name="test1" time="0.013" classname="com.autotest.testng.ClassOnGroup4"/>
  <testcase name="test2" time="0.008" classname="com.autotest.testng.ClassOnGroup4"/>
  <testcase name="parameterTest2" time="0.004" classname="com.autotest.testng.ParameterTest"/>
  <testcase name="test1" time="0.0" classname="com.autotest.testng.ClassOnGroup3">
    <ignored/>
  </testcase> <!-- test1 -->
  <testcase name="test2" time="0.0" classname="com.autotest.testng.ClassOnGroup3">
    <ignored/>
  </testcase> <!-- test2 -->
  <testcase name="test3" time="0.0" classname="com.autotest.testng.MethodOnGroup">
    <ignored/>
  </testcase> <!-- test3 -->
  <testcase name="test4" time="0.0" classname="com.autotest.testng.MethodOnGroup">
    <ignored/>
  </testcase> <!-- test4 -->
  <testcase name="login" time="0.0" classname="com.autotest.testng.suite.LoginTest">
    <ignored/>
  </testcase> <!-- login -->
</testsuite> <!-- Login -->
