<?xml version="1.0" encoding="UTF-8"?>
<!-- Generated by org.testng.reporters.JUnitXMLReporter -->
<testsuite hostname="DESKTOP-CU28HKJ" ignored="5" name="Login" tests="4" failures="0" timestamp="2020-03-23T02:28:16 CST" time="0.098" errors="0">
  <testcase name="test1" time="0.011" classname="com.autotest.testng.MethodOnGroup"/>
  <testcase name="test2" time="0.005" classname="com.autotest.testng.MethodOnGroup"/>
  <testcase name="test1" time="0.006" classname="com.autotest.testng.ClassOnGroup4"/>
  <testcase name="test2" time="0.008" classname="com.autotest.testng.ClassOnGroup4"/>
  <testcase name="test1" time="0.0" classname="com.autotest.testng.ClassOnGroup3">
    <ignored/>
  </testcase> <!-- test1 -->
  <testcase name="test2" time="0.0" classname="com.autotest.testng.ClassOnGroup3">
    <ignored/>
  </testcase> <!-- test2 -->
  <testcase name="test3" time="0.0" classname="com.autotest.testng.MethodOnGroup">
    <ignored/>
  </testcase> <!-- test3 -->
  <testcase name="test4" time="0.0" classname="com.autotest.testng.MethodOnGroup">
    <ignored/>
  </testcase> <!-- test4 -->
  <testcase name="login" time="0.0" classname="com.autotest.testng.suite.LoginTest">
    <ignored/>
  </testcase> <!-- login -->
</testsuite> <!-- Login -->
