<?xml version="1.0" encoding="UTF-8"?>
<!-- Generated by org.testng.reporters.JUnitXMLReporter -->
<testsuite hostname="DESKTOP-CU28HKJ" ignored="0" name="Test" tests="5" failures="0" timestamp="2020-03-30T23:43:59 CST" time="2.589" errors="0">
  <testcase name="run" time="0.99" classname="apitest.APITest"/>
  <testcase name="run" time="0.37" classname="apitest.APITest"/>
  <testcase name="run" time="0.38" classname="apitest.APITest"/>
  <testcase name="run" time="0.389" classname="apitest.APITest"/>
  <testcase name="run" time="0.39" classname="apitest.APITest"/>
</testsuite> <!-- Test -->
